[1.150s] DEBUG:colcon:Command line arguments: ['/usr/bin/colcon', 'build']
[1.150s] DEBUG:colcon:Parsed command line arguments: Namespace(allow_overriding=[], ament_cmake_args=None, base_paths=['.'], build_base='build', catkin_cmake_args=None, catkin_skip_building_tests=False, cmake_args=None, cmake_clean_cache=False, cmake_clean_first=False, cmake_force_configure=False, cmake_target=None, cmake_target_skip_unavailable=False, continue_on_error=False, event_handlers=None, executor='parallel', ignore_user_meta=False, install_base='install', log_base=None, log_level=None, main=<bound method BuildVerb.main of <colcon_core.verb.build.BuildVerb object at 0x7f0c6e0daa90>>, merge_install=False, metas=['./colcon.meta'], packages_above=None, packages_above_and_dependencies=None, packages_above_depth=None, packages_end=None, packages_ignore=None, packages_ignore_regex=None, packages_select=None, packages_select_build_failed=False, packages_select_by_dep=None, packages_select_regex=None, packages_select_test_failures=False, packages_skip=None, packages_skip_build_finished=False, packages_skip_by_dep=None, packages_skip_regex=None, packages_skip_test_passed=False, packages_skip_up_to=None, packages_start=None, packages_up_to=None, packages_up_to_regex=None, parallel_workers=4, paths=None, symlink_install=False, test_result_base=None, verb_extension=<colcon_core.verb.build.BuildVerb object at 0x7f0c6e0daa90>, verb_name='build', verb_parser=<colcon_defaults.argument_parser.defaults.DefaultArgumentsDecorator object at 0x7f0c6e0e6040>)
[1.253s] Level 1:colcon.colcon_core.package_discovery:discover_packages(colcon_meta) check parameters
[1.254s] Level 1:colcon.colcon_core.package_discovery:discover_packages(recursive) check parameters
[1.254s] Level 1:colcon.colcon_core.package_discovery:discover_packages(ignore) check parameters
[1.254s] Level 1:colcon.colcon_core.package_discovery:discover_packages(path) check parameters
[1.254s] Level 1:colcon.colcon_core.package_discovery:discover_packages(colcon_meta) discover
[1.255s] Level 1:colcon.colcon_core.package_discovery:discover_packages(recursive) discover
[1.255s] INFO:colcon.colcon_core.package_discovery:Crawling recursively for packages in '/home/zuhair/pp_ws/src/aws-robomaker-hospital-world'
[1.255s] Level 1:colcon.colcon_core.package_identification:_identify(.) by extensions ['ignore', 'ignore_ament_install']
[1.256s] Level 1:colcon.colcon_core.package_identification:_identify(.) by extension 'ignore'
[1.256s] Level 1:colcon.colcon_core.package_identification:_identify(.) by extension 'ignore_ament_install'
[1.256s] Level 1:colcon.colcon_core.package_identification:_identify(.) by extensions ['colcon_pkg']
[1.257s] Level 1:colcon.colcon_core.package_identification:_identify(.) by extension 'colcon_pkg'
[1.257s] Level 1:colcon.colcon_core.package_identification:_identify(.) by extensions ['colcon_meta']
[1.257s] Level 1:colcon.colcon_core.package_identification:_identify(.) by extension 'colcon_meta'
[1.257s] Level 1:colcon.colcon_core.package_identification:_identify(.) by extensions ['ros']
[1.257s] Level 1:colcon.colcon_core.package_identification:_identify(.) by extension 'ros'
[1.331s] DEBUG:colcon.colcon_core.package_identification:Package '.' with type 'ros.catkin' and name 'aws_robomaker_hospital_world'
[1.332s] Level 1:colcon.colcon_core.package_discovery:discover_packages(recursive) using defaults
[1.332s] Level 1:colcon.colcon_core.package_discovery:discover_packages(ignore) discover
[1.332s] Level 1:colcon.colcon_core.package_discovery:discover_packages(ignore) using defaults
[1.332s] Level 1:colcon.colcon_core.package_discovery:discover_packages(path) discover
[1.332s] Level 1:colcon.colcon_core.package_discovery:discover_packages(path) using defaults
[1.400s] Level 1:colcon.colcon_core.package_discovery:discover_packages(prefix_path) check parameters
[1.400s] Level 1:colcon.colcon_core.package_discovery:discover_packages(prefix_path) discover
[1.414s] Level 1:colcon.colcon_core.package_discovery:discover_packages(prefix_path) using defaults
[1.420s] Level 5:colcon.colcon_core.verb:set package 'aws_robomaker_hospital_world' build argument 'cmake_args' from command line to 'None'
[1.420s] Level 5:colcon.colcon_core.verb:set package 'aws_robomaker_hospital_world' build argument 'cmake_target' from command line to 'None'
[1.420s] Level 5:colcon.colcon_core.verb:set package 'aws_robomaker_hospital_world' build argument 'cmake_target_skip_unavailable' from command line to 'False'
[1.420s] Level 5:colcon.colcon_core.verb:set package 'aws_robomaker_hospital_world' build argument 'cmake_clean_cache' from command line to 'False'
[1.421s] Level 5:colcon.colcon_core.verb:set package 'aws_robomaker_hospital_world' build argument 'cmake_clean_first' from command line to 'False'
[1.421s] Level 5:colcon.colcon_core.verb:set package 'aws_robomaker_hospital_world' build argument 'cmake_force_configure' from command line to 'False'
[1.421s] Level 5:colcon.colcon_core.verb:set package 'aws_robomaker_hospital_world' build argument 'ament_cmake_args' from command line to 'None'
[1.421s] Level 5:colcon.colcon_core.verb:set package 'aws_robomaker_hospital_world' build argument 'catkin_cmake_args' from command line to 'None'
[1.421s] Level 5:colcon.colcon_core.verb:set package 'aws_robomaker_hospital_world' build argument 'catkin_skip_building_tests' from command line to 'False'
[1.421s] DEBUG:colcon.colcon_core.verb:Building package 'aws_robomaker_hospital_world' with the following arguments: {'ament_cmake_args': None, 'build_base': '/home/zuhair/pp_ws/src/aws-robomaker-hospital-world/build/aws_robomaker_hospital_world', 'catkin_cmake_args': None, 'catkin_skip_building_tests': False, 'cmake_args': None, 'cmake_clean_cache': False, 'cmake_clean_first': False, 'cmake_force_configure': False, 'cmake_target': None, 'cmake_target_skip_unavailable': False, 'install_base': '/home/zuhair/pp_ws/src/aws-robomaker-hospital-world/install/aws_robomaker_hospital_world', 'merge_install': False, 'path': '/home/zuhair/pp_ws/src/aws-robomaker-hospital-world', 'symlink_install': False, 'test_result_base': None}
[1.424s] INFO:colcon.colcon_core.executor:Executing jobs using 'parallel' executor
[1.433s] DEBUG:colcon.colcon_parallel_executor.executor.parallel:run_until_complete
[1.433s] INFO:colcon.colcon_ros.task.catkin.build:Building ROS package in '/home/zuhair/pp_ws/src/aws-robomaker-hospital-world' with build type 'catkin'
[1.434s] INFO:colcon.colcon_cmake.task.cmake.build:Building CMake package in '/home/zuhair/pp_ws/src/aws-robomaker-hospital-world'
[1.449s] INFO:colcon.colcon_core.plugin_system:Skipping extension 'colcon_core.shell.bat': Not used on non-Windows systems
[1.450s] INFO:colcon.colcon_core.shell:Skip shell extension 'powershell' for command environment: Not usable outside of PowerShell
[1.450s] DEBUG:colcon.colcon_core.shell:Skip shell extension 'dsv' for command environment
[1.455s] DEBUG:colcon.colcon_core.shell:Ignoring prefix path '/home/zuhair/pp_ws/devel'
[1.458s] DEBUG:colcon.colcon_core.shell:Ignoring prefix path '/home/zuhair/catkin_cartographer/install_isolated'
[1.461s] DEBUG:colcon.colcon_core.shell:Ignoring prefix path '/home/zuhair/catkin_ws/devel'
[1.464s] DEBUG:colcon.colcon_core.shell:Ignoring prefix path '/opt/ros/noetic'
[1.486s] DEBUG:colcon.colcon_core.event_handler.log_command:Invoking command in '/home/zuhair/pp_ws/src/aws-robomaker-hospital-world/build/aws_robomaker_hospital_world': /usr/bin/cmake /home/zuhair/pp_ws/src/aws-robomaker-hospital-world -DCATKIN_INSTALL_INTO_PREFIX_ROOT=0 -DCMAKE_INSTALL_PREFIX=/home/zuhair/pp_ws/src/aws-robomaker-hospital-world/install/aws_robomaker_hospital_world
[59.052s] DEBUG:colcon.colcon_core.event_handler.log_command:Invoked command in '/home/zuhair/pp_ws/src/aws-robomaker-hospital-world/build/aws_robomaker_hospital_world' returned '0': /usr/bin/cmake /home/zuhair/pp_ws/src/aws-robomaker-hospital-world -DCATKIN_INSTALL_INTO_PREFIX_ROOT=0 -DCMAKE_INSTALL_PREFIX=/home/zuhair/pp_ws/src/aws-robomaker-hospital-world/install/aws_robomaker_hospital_world
[59.055s] DEBUG:colcon.colcon_core.event_handler.log_command:Invoking command in '/home/zuhair/pp_ws/src/aws-robomaker-hospital-world/build/aws_robomaker_hospital_world': /usr/bin/cmake --build /home/zuhair/pp_ws/src/aws-robomaker-hospital-world/build/aws_robomaker_hospital_world -- -j4 -l4
[59.193s] DEBUG:colcon.colcon_core.event_handler.log_command:Invoked command in '/home/zuhair/pp_ws/src/aws-robomaker-hospital-world/build/aws_robomaker_hospital_world' returned '0': /usr/bin/cmake --build /home/zuhair/pp_ws/src/aws-robomaker-hospital-world/build/aws_robomaker_hospital_world -- -j4 -l4
[59.410s] DEBUG:colcon.colcon_core.event_handler.log_command:Invoking command in '/home/zuhair/pp_ws/src/aws-robomaker-hospital-world/build/aws_robomaker_hospital_world': /usr/bin/cmake --build /home/zuhair/pp_ws/src/aws-robomaker-hospital-world/build/aws_robomaker_hospital_world --target tests -- -j4 -l4
[59.634s] DEBUG:colcon.colcon_core.event_handler.log_command:Invoked command in '/home/zuhair/pp_ws/src/aws-robomaker-hospital-world/build/aws_robomaker_hospital_world' returned '0': /usr/bin/cmake --build /home/zuhair/pp_ws/src/aws-robomaker-hospital-world/build/aws_robomaker_hospital_world --target tests -- -j4 -l4
[59.898s] DEBUG:colcon.colcon_core.event_handler.log_command:Invoking command in '/home/zuhair/pp_ws/src/aws-robomaker-hospital-world/build/aws_robomaker_hospital_world': /usr/bin/cmake --install /home/zuhair/pp_ws/src/aws-robomaker-hospital-world/build/aws_robomaker_hospital_world
[61.150s] DEBUG:colcon.colcon_core.event_handler.log_command:Invoked command in '/home/zuhair/pp_ws/src/aws-robomaker-hospital-world/build/aws_robomaker_hospital_world' returned '0': /usr/bin/cmake --install /home/zuhair/pp_ws/src/aws-robomaker-hospital-world/build/aws_robomaker_hospital_world
[61.379s] Level 1:colcon.colcon_core.shell:create_environment_hook('aws_robomaker_hospital_world', 'ros_package_path')
[61.386s] INFO:colcon.colcon_core.shell:Creating environment hook '/home/zuhair/pp_ws/src/aws-robomaker-hospital-world/install/aws_robomaker_hospital_world/share/aws_robomaker_hospital_world/hook/ros_package_path.ps1'
[61.388s] INFO:colcon.colcon_core.shell:Creating environment descriptor '/home/zuhair/pp_ws/src/aws-robomaker-hospital-world/install/aws_robomaker_hospital_world/share/aws_robomaker_hospital_world/hook/ros_package_path.dsv'
[61.389s] INFO:colcon.colcon_core.shell:Creating environment hook '/home/zuhair/pp_ws/src/aws-robomaker-hospital-world/install/aws_robomaker_hospital_world/share/aws_robomaker_hospital_world/hook/ros_package_path.sh'
[61.392s] Level 1:colcon.colcon_ros.task.catkin:checking '/home/zuhair/pp_ws/src/aws-robomaker-hospital-world/install/aws_robomaker_hospital_world/lib/python3/dist-packages'
[61.392s] Level 1:colcon.colcon_core.shell:create_environment_hook('aws_robomaker_hospital_world', 'pkg_config_path')
[61.398s] INFO:colcon.colcon_core.shell:Creating environment hook '/home/zuhair/pp_ws/src/aws-robomaker-hospital-world/install/aws_robomaker_hospital_world/share/aws_robomaker_hospital_world/hook/pkg_config_path.ps1'
[61.399s] INFO:colcon.colcon_core.shell:Creating environment descriptor '/home/zuhair/pp_ws/src/aws-robomaker-hospital-world/install/aws_robomaker_hospital_world/share/aws_robomaker_hospital_world/hook/pkg_config_path.dsv'
[61.401s] INFO:colcon.colcon_core.shell:Creating environment hook '/home/zuhair/pp_ws/src/aws-robomaker-hospital-world/install/aws_robomaker_hospital_world/share/aws_robomaker_hospital_world/hook/pkg_config_path.sh'
[61.411s] Level 1:colcon.colcon_core.shell:create_environment_hook('aws_robomaker_hospital_world', 'pkg_config_path_multiarch')
[61.419s] INFO:colcon.colcon_core.shell:Creating environment hook '/home/zuhair/pp_ws/src/aws-robomaker-hospital-world/install/aws_robomaker_hospital_world/share/aws_robomaker_hospital_world/hook/pkg_config_path_multiarch.ps1'
[61.421s] INFO:colcon.colcon_core.shell:Creating environment descriptor '/home/zuhair/pp_ws/src/aws-robomaker-hospital-world/install/aws_robomaker_hospital_world/share/aws_robomaker_hospital_world/hook/pkg_config_path_multiarch.dsv'
[61.422s] INFO:colcon.colcon_core.shell:Creating environment hook '/home/zuhair/pp_ws/src/aws-robomaker-hospital-world/install/aws_robomaker_hospital_world/share/aws_robomaker_hospital_world/hook/pkg_config_path_multiarch.sh'
[61.432s] Level 1:colcon.colcon_core.environment:create_environment_scripts_only(aws_robomaker_hospital_world)
[61.454s] Level 1:colcon.colcon_core.environment:checking '/home/zuhair/pp_ws/src/aws-robomaker-hospital-world/install/aws_robomaker_hospital_world' for CMake module files
[61.456s] Level 1:colcon.colcon_core.environment:checking '/home/zuhair/pp_ws/src/aws-robomaker-hospital-world/install/aws_robomaker_hospital_world' for CMake config files
[61.476s] Level 1:colcon.colcon_core.shell:create_environment_hook('aws_robomaker_hospital_world', 'cmake_prefix_path')
[61.483s] INFO:colcon.colcon_core.shell:Creating environment hook '/home/zuhair/pp_ws/src/aws-robomaker-hospital-world/install/aws_robomaker_hospital_world/share/aws_robomaker_hospital_world/hook/cmake_prefix_path.ps1'
[61.485s] INFO:colcon.colcon_core.shell:Creating environment descriptor '/home/zuhair/pp_ws/src/aws-robomaker-hospital-world/install/aws_robomaker_hospital_world/share/aws_robomaker_hospital_world/hook/cmake_prefix_path.dsv'
[61.486s] INFO:colcon.colcon_core.shell:Creating environment hook '/home/zuhair/pp_ws/src/aws-robomaker-hospital-world/install/aws_robomaker_hospital_world/share/aws_robomaker_hospital_world/hook/cmake_prefix_path.sh'
[61.489s] Level 1:colcon.colcon_core.environment:checking '/home/zuhair/pp_ws/src/aws-robomaker-hospital-world/install/aws_robomaker_hospital_world/lib'
[61.489s] Level 1:colcon.colcon_core.environment:checking '/home/zuhair/pp_ws/src/aws-robomaker-hospital-world/install/aws_robomaker_hospital_world/bin'
[61.490s] Level 1:colcon.colcon_core.environment:checking '/home/zuhair/pp_ws/src/aws-robomaker-hospital-world/install/aws_robomaker_hospital_world/lib/pkgconfig/aws_robomaker_hospital_world.pc'
[61.490s] Level 1:colcon.colcon_core.shell:create_environment_hook('aws_robomaker_hospital_world', 'pkg_config')
[61.495s] INFO:colcon.colcon_core.shell:Creating environment hook '/home/zuhair/pp_ws/src/aws-robomaker-hospital-world/install/aws_robomaker_hospital_world/share/aws_robomaker_hospital_world/hook/pkg_config.ps1'
[61.496s] INFO:colcon.colcon_core.shell:Creating environment descriptor '/home/zuhair/pp_ws/src/aws-robomaker-hospital-world/install/aws_robomaker_hospital_world/share/aws_robomaker_hospital_world/hook/pkg_config.dsv'
[61.498s] INFO:colcon.colcon_core.shell:Creating environment hook '/home/zuhair/pp_ws/src/aws-robomaker-hospital-world/install/aws_robomaker_hospital_world/share/aws_robomaker_hospital_world/hook/pkg_config.sh'
[61.501s] Level 1:colcon.colcon_core.environment:checking '/home/zuhair/pp_ws/src/aws-robomaker-hospital-world/install/aws_robomaker_hospital_world/lib/python3.8/site-packages'
[61.501s] Level 1:colcon.colcon_core.environment:checking '/home/zuhair/pp_ws/src/aws-robomaker-hospital-world/install/aws_robomaker_hospital_world/bin'
[61.506s] INFO:colcon.colcon_core.shell:Creating package script '/home/zuhair/pp_ws/src/aws-robomaker-hospital-world/install/aws_robomaker_hospital_world/share/aws_robomaker_hospital_world/package.ps1'
[61.510s] INFO:colcon.colcon_core.shell:Creating package descriptor '/home/zuhair/pp_ws/src/aws-robomaker-hospital-world/install/aws_robomaker_hospital_world/share/aws_robomaker_hospital_world/package.dsv'
[61.512s] INFO:colcon.colcon_core.shell:Creating package script '/home/zuhair/pp_ws/src/aws-robomaker-hospital-world/install/aws_robomaker_hospital_world/share/aws_robomaker_hospital_world/package.sh'
[61.515s] INFO:colcon.colcon_core.shell:Creating package script '/home/zuhair/pp_ws/src/aws-robomaker-hospital-world/install/aws_robomaker_hospital_world/share/aws_robomaker_hospital_world/package.bash'
[61.516s] INFO:colcon.colcon_core.shell:Creating package script '/home/zuhair/pp_ws/src/aws-robomaker-hospital-world/install/aws_robomaker_hospital_world/share/aws_robomaker_hospital_world/package.zsh'
[61.518s] Level 1:colcon.colcon_core.environment:create_file_with_runtime_dependencies(/home/zuhair/pp_ws/src/aws-robomaker-hospital-world/install/aws_robomaker_hospital_world/share/colcon-core/packages/aws_robomaker_hospital_world)
[61.519s] DEBUG:colcon.colcon_parallel_executor.executor.parallel:closing loop
[61.521s] DEBUG:colcon.colcon_parallel_executor.executor.parallel:loop closed
[61.521s] DEBUG:colcon.colcon_parallel_executor.executor.parallel:run_until_complete finished with '0'
[61.521s] DEBUG:colcon.colcon_core.event_reactor:joining thread
[61.543s] INFO:colcon.colcon_core.plugin_system:Skipping extension 'colcon_notification.desktop_notification.terminal_notifier': Not used on non-Darwin systems
[61.543s] INFO:colcon.colcon_core.plugin_system:Skipping extension 'colcon_notification.desktop_notification.win32': Not used on non-Windows systems
[61.543s] INFO:colcon.colcon_notification.desktop_notification:Sending desktop notification using 'notify2'
[61.618s] DEBUG:colcon.colcon_core.event_reactor:joined thread
[61.624s] INFO:colcon.colcon_core.shell:Creating prefix script '/home/zuhair/pp_ws/src/aws-robomaker-hospital-world/install/local_setup.ps1'
[61.627s] INFO:colcon.colcon_core.shell:Creating prefix util module '/home/zuhair/pp_ws/src/aws-robomaker-hospital-world/install/_local_setup_util_ps1.py'
[61.630s] INFO:colcon.colcon_core.shell:Creating prefix chain script '/home/zuhair/pp_ws/src/aws-robomaker-hospital-world/install/setup.ps1'
[61.636s] INFO:colcon.colcon_core.shell:Creating prefix script '/home/zuhair/pp_ws/src/aws-robomaker-hospital-world/install/local_setup.sh'
[61.638s] INFO:colcon.colcon_core.shell:Creating prefix util module '/home/zuhair/pp_ws/src/aws-robomaker-hospital-world/install/_local_setup_util_sh.py'
[61.640s] INFO:colcon.colcon_core.shell:Creating prefix chain script '/home/zuhair/pp_ws/src/aws-robomaker-hospital-world/install/setup.sh'
[61.645s] INFO:colcon.colcon_core.shell:Creating prefix script '/home/zuhair/pp_ws/src/aws-robomaker-hospital-world/install/local_setup.bash'
[61.646s] INFO:colcon.colcon_core.shell:Creating prefix chain script '/home/zuhair/pp_ws/src/aws-robomaker-hospital-world/install/setup.bash'
[61.651s] INFO:colcon.colcon_core.shell:Creating prefix script '/home/zuhair/pp_ws/src/aws-robomaker-hospital-world/install/local_setup.zsh'
[61.652s] INFO:colcon.colcon_core.shell:Creating prefix chain script '/home/zuhair/pp_ws/src/aws-robomaker-hospital-world/install/setup.zsh'
