[1.111s] DEBUG:colcon:Command line arguments: ['/usr/bin/colcon', 'build']
[1.111s] DEBUG:colcon:Parsed command line arguments: Namespace(allow_overriding=[], ament_cmake_args=None, base_paths=['.'], build_base='build', catkin_cmake_args=None, catkin_skip_building_tests=False, cmake_args=None, cmake_clean_cache=False, cmake_clean_first=False, cmake_force_configure=False, cmake_target=None, cmake_target_skip_unavailable=False, continue_on_error=False, event_handlers=None, executor='parallel', ignore_user_meta=False, install_base='install', log_base=None, log_level=None, main=<bound method BuildVerb.main of <colcon_core.verb.build.BuildVerb object at 0x7f24dbfa5b80>>, merge_install=False, metas=['./colcon.meta'], packages_above=None, packages_above_and_dependencies=None, packages_above_depth=None, packages_end=None, packages_ignore=None, packages_ignore_regex=None, packages_select=None, packages_select_build_failed=False, packages_select_by_dep=None, packages_select_regex=None, packages_select_test_failures=False, packages_skip=None, packages_skip_build_finished=False, packages_skip_by_dep=None, packages_skip_regex=None, packages_skip_test_passed=False, packages_skip_up_to=None, packages_start=None, packages_up_to=None, packages_up_to_regex=None, parallel_workers=4, paths=None, symlink_install=False, test_result_base=None, verb_extension=<colcon_core.verb.build.BuildVerb object at 0x7f24dbfa5b80>, verb_name='build', verb_parser=<colcon_defaults.argument_parser.defaults.DefaultArgumentsDecorator object at 0x7f24dbfb1130>)
[1.205s] Level 1:colcon.colcon_core.package_discovery:discover_packages(colcon_meta) check parameters
[1.206s] Level 1:colcon.colcon_core.package_discovery:discover_packages(recursive) check parameters
[1.206s] Level 1:colcon.colcon_core.package_discovery:discover_packages(ignore) check parameters
[1.206s] Level 1:colcon.colcon_core.package_discovery:discover_packages(path) check parameters
[1.206s] Level 1:colcon.colcon_core.package_discovery:discover_packages(colcon_meta) discover
[1.207s] Level 1:colcon.colcon_core.package_discovery:discover_packages(recursive) discover
[1.207s] INFO:colcon.colcon_core.package_discovery:Crawling recursively for packages in '/home/zuhair/pp_ws/src/aws-robomaker-hospital-world'
[1.207s] Level 1:colcon.colcon_core.package_identification:_identify(.) by extensions ['ignore', 'ignore_ament_install']
[1.208s] Level 1:colcon.colcon_core.package_identification:_identify(.) by extension 'ignore'
[1.208s] Level 1:colcon.colcon_core.package_identification:_identify(.) by extension 'ignore_ament_install'
[1.208s] Level 1:colcon.colcon_core.package_identification:_identify(.) by extensions ['colcon_pkg']
[1.208s] Level 1:colcon.colcon_core.package_identification:_identify(.) by extension 'colcon_pkg'
[1.209s] Level 1:colcon.colcon_core.package_identification:_identify(.) by extensions ['colcon_meta']
[1.209s] Level 1:colcon.colcon_core.package_identification:_identify(.) by extension 'colcon_meta'
[1.209s] Level 1:colcon.colcon_core.package_identification:_identify(.) by extensions ['ros']
[1.209s] Level 1:colcon.colcon_core.package_identification:_identify(.) by extension 'ros'
[1.278s] DEBUG:colcon.colcon_core.package_identification:Package '.' with type 'ros.catkin' and name 'aws_robomaker_hospital_world'
[1.278s] Level 1:colcon.colcon_core.package_discovery:discover_packages(recursive) using defaults
[1.279s] Level 1:colcon.colcon_core.package_discovery:discover_packages(ignore) discover
[1.279s] Level 1:colcon.colcon_core.package_discovery:discover_packages(ignore) using defaults
[1.279s] Level 1:colcon.colcon_core.package_discovery:discover_packages(path) discover
[1.279s] Level 1:colcon.colcon_core.package_discovery:discover_packages(path) using defaults
[1.349s] Level 1:colcon.colcon_core.package_discovery:discover_packages(prefix_path) check parameters
[1.349s] Level 1:colcon.colcon_core.package_discovery:discover_packages(prefix_path) discover
[1.366s] Level 1:colcon.colcon_core.package_discovery:discover_packages(prefix_path) using defaults
[1.374s] Level 5:colcon.colcon_core.verb:set package 'aws_robomaker_hospital_world' build argument 'cmake_args' from command line to 'None'
[1.374s] Level 5:colcon.colcon_core.verb:set package 'aws_robomaker_hospital_world' build argument 'cmake_target' from command line to 'None'
[1.375s] Level 5:colcon.colcon_core.verb:set package 'aws_robomaker_hospital_world' build argument 'cmake_target_skip_unavailable' from command line to 'False'
[1.375s] Level 5:colcon.colcon_core.verb:set package 'aws_robomaker_hospital_world' build argument 'cmake_clean_cache' from command line to 'False'
[1.375s] Level 5:colcon.colcon_core.verb:set package 'aws_robomaker_hospital_world' build argument 'cmake_clean_first' from command line to 'False'
[1.375s] Level 5:colcon.colcon_core.verb:set package 'aws_robomaker_hospital_world' build argument 'cmake_force_configure' from command line to 'False'
[1.375s] Level 5:colcon.colcon_core.verb:set package 'aws_robomaker_hospital_world' build argument 'ament_cmake_args' from command line to 'None'
[1.375s] Level 5:colcon.colcon_core.verb:set package 'aws_robomaker_hospital_world' build argument 'catkin_cmake_args' from command line to 'None'
[1.375s] Level 5:colcon.colcon_core.verb:set package 'aws_robomaker_hospital_world' build argument 'catkin_skip_building_tests' from command line to 'False'
[1.375s] DEBUG:colcon.colcon_core.verb:Building package 'aws_robomaker_hospital_world' with the following arguments: {'ament_cmake_args': None, 'build_base': '/home/zuhair/pp_ws/src/aws-robomaker-hospital-world/build/aws_robomaker_hospital_world', 'catkin_cmake_args': None, 'catkin_skip_building_tests': False, 'cmake_args': None, 'cmake_clean_cache': False, 'cmake_clean_first': False, 'cmake_force_configure': False, 'cmake_target': None, 'cmake_target_skip_unavailable': False, 'install_base': '/home/zuhair/pp_ws/src/aws-robomaker-hospital-world/install/aws_robomaker_hospital_world', 'merge_install': False, 'path': '/home/zuhair/pp_ws/src/aws-robomaker-hospital-world', 'symlink_install': False, 'test_result_base': None}
[1.378s] INFO:colcon.colcon_core.executor:Executing jobs using 'parallel' executor
[1.392s] DEBUG:colcon.colcon_parallel_executor.executor.parallel:run_until_complete
[1.393s] INFO:colcon.colcon_ros.task.catkin.build:Building ROS package in '/home/zuhair/pp_ws/src/aws-robomaker-hospital-world' with build type 'catkin'
[1.394s] INFO:colcon.colcon_cmake.task.cmake.build:Building CMake package in '/home/zuhair/pp_ws/src/aws-robomaker-hospital-world'
[1.406s] INFO:colcon.colcon_core.plugin_system:Skipping extension 'colcon_core.shell.bat': Not used on non-Windows systems
[1.406s] INFO:colcon.colcon_core.shell:Skip shell extension 'powershell' for command environment: Not usable outside of PowerShell
[1.406s] DEBUG:colcon.colcon_core.shell:Skip shell extension 'dsv' for command environment
[1.411s] DEBUG:colcon.colcon_core.shell:Ignoring prefix path '/home/zuhair/pp_ws/devel'
[1.415s] DEBUG:colcon.colcon_core.shell:Ignoring prefix path '/home/zuhair/catkin_cartographer/install_isolated'
[1.417s] DEBUG:colcon.colcon_core.shell:Ignoring prefix path '/home/zuhair/catkin_ws/devel'
[1.420s] DEBUG:colcon.colcon_core.shell:Ignoring prefix path '/opt/ros/noetic'
[1.442s] DEBUG:colcon.colcon_core.event_handler.log_command:Invoking command in '/home/zuhair/pp_ws/src/aws-robomaker-hospital-world/build/aws_robomaker_hospital_world': /usr/bin/cmake --build /home/zuhair/pp_ws/src/aws-robomaker-hospital-world/build/aws_robomaker_hospital_world -- -j4 -l4
[1.578s] DEBUG:colcon.colcon_core.event_handler.log_command:Invoked command in '/home/zuhair/pp_ws/src/aws-robomaker-hospital-world/build/aws_robomaker_hospital_world' returned '0': /usr/bin/cmake --build /home/zuhair/pp_ws/src/aws-robomaker-hospital-world/build/aws_robomaker_hospital_world -- -j4 -l4
[1.778s] DEBUG:colcon.colcon_core.event_handler.log_command:Invoking command in '/home/zuhair/pp_ws/src/aws-robomaker-hospital-world/build/aws_robomaker_hospital_world': /usr/bin/cmake --build /home/zuhair/pp_ws/src/aws-robomaker-hospital-world/build/aws_robomaker_hospital_world --target tests -- -j4 -l4
[1.995s] DEBUG:colcon.colcon_core.event_handler.log_command:Invoked command in '/home/zuhair/pp_ws/src/aws-robomaker-hospital-world/build/aws_robomaker_hospital_world' returned '0': /usr/bin/cmake --build /home/zuhair/pp_ws/src/aws-robomaker-hospital-world/build/aws_robomaker_hospital_world --target tests -- -j4 -l4
[2.245s] DEBUG:colcon.colcon_core.event_handler.log_command:Invoking command in '/home/zuhair/pp_ws/src/aws-robomaker-hospital-world/build/aws_robomaker_hospital_world': /usr/bin/cmake --install /home/zuhair/pp_ws/src/aws-robomaker-hospital-world/build/aws_robomaker_hospital_world
[2.601s] Level 1:colcon.colcon_core.shell:create_environment_hook('aws_robomaker_hospital_world', 'ros_package_path')
[2.610s] INFO:colcon.colcon_core.shell:Creating environment hook '/home/zuhair/pp_ws/src/aws-robomaker-hospital-world/install/aws_robomaker_hospital_world/share/aws_robomaker_hospital_world/hook/ros_package_path.ps1'
[2.618s] INFO:colcon.colcon_core.shell:Creating environment descriptor '/home/zuhair/pp_ws/src/aws-robomaker-hospital-world/install/aws_robomaker_hospital_world/share/aws_robomaker_hospital_world/hook/ros_package_path.dsv'
[2.622s] INFO:colcon.colcon_core.shell:Creating environment hook '/home/zuhair/pp_ws/src/aws-robomaker-hospital-world/install/aws_robomaker_hospital_world/share/aws_robomaker_hospital_world/hook/ros_package_path.sh'
[2.628s] Level 1:colcon.colcon_ros.task.catkin:checking '/home/zuhair/pp_ws/src/aws-robomaker-hospital-world/install/aws_robomaker_hospital_world/lib/python3/dist-packages'
[2.629s] Level 1:colcon.colcon_core.shell:create_environment_hook('aws_robomaker_hospital_world', 'pkg_config_path')
[2.635s] INFO:colcon.colcon_core.shell:Creating environment hook '/home/zuhair/pp_ws/src/aws-robomaker-hospital-world/install/aws_robomaker_hospital_world/share/aws_robomaker_hospital_world/hook/pkg_config_path.ps1'
[2.639s] INFO:colcon.colcon_core.shell:Creating environment descriptor '/home/zuhair/pp_ws/src/aws-robomaker-hospital-world/install/aws_robomaker_hospital_world/share/aws_robomaker_hospital_world/hook/pkg_config_path.dsv'
[2.641s] INFO:colcon.colcon_core.shell:Creating environment hook '/home/zuhair/pp_ws/src/aws-robomaker-hospital-world/install/aws_robomaker_hospital_world/share/aws_robomaker_hospital_world/hook/pkg_config_path.sh'
[2.653s] Level 1:colcon.colcon_core.shell:create_environment_hook('aws_robomaker_hospital_world', 'pkg_config_path_multiarch')
[2.661s] INFO:colcon.colcon_core.shell:Creating environment hook '/home/zuhair/pp_ws/src/aws-robomaker-hospital-world/install/aws_robomaker_hospital_world/share/aws_robomaker_hospital_world/hook/pkg_config_path_multiarch.ps1'
[2.665s] INFO:colcon.colcon_core.shell:Creating environment descriptor '/home/zuhair/pp_ws/src/aws-robomaker-hospital-world/install/aws_robomaker_hospital_world/share/aws_robomaker_hospital_world/hook/pkg_config_path_multiarch.dsv'
[2.666s] INFO:colcon.colcon_core.shell:Creating environment hook '/home/zuhair/pp_ws/src/aws-robomaker-hospital-world/install/aws_robomaker_hospital_world/share/aws_robomaker_hospital_world/hook/pkg_config_path_multiarch.sh'
[2.681s] Level 1:colcon.colcon_core.environment:create_environment_scripts_only(aws_robomaker_hospital_world)
[2.717s] Level 1:colcon.colcon_core.environment:checking '/home/zuhair/pp_ws/src/aws-robomaker-hospital-world/install/aws_robomaker_hospital_world' for CMake module files
[2.721s] Level 1:colcon.colcon_core.environment:checking '/home/zuhair/pp_ws/src/aws-robomaker-hospital-world/install/aws_robomaker_hospital_world' for CMake config files
[2.843s] DEBUG:colcon.colcon_core.event_handler.log_command:Invoked command in '/home/zuhair/pp_ws/src/aws-robomaker-hospital-world/build/aws_robomaker_hospital_world' returned '0': /usr/bin/cmake --install /home/zuhair/pp_ws/src/aws-robomaker-hospital-world/build/aws_robomaker_hospital_world
[2.847s] Level 1:colcon.colcon_core.shell:create_environment_hook('aws_robomaker_hospital_world', 'cmake_prefix_path')
[2.852s] INFO:colcon.colcon_core.shell:Creating environment hook '/home/zuhair/pp_ws/src/aws-robomaker-hospital-world/install/aws_robomaker_hospital_world/share/aws_robomaker_hospital_world/hook/cmake_prefix_path.ps1'
[2.854s] INFO:colcon.colcon_core.shell:Creating environment descriptor '/home/zuhair/pp_ws/src/aws-robomaker-hospital-world/install/aws_robomaker_hospital_world/share/aws_robomaker_hospital_world/hook/cmake_prefix_path.dsv'
[2.855s] INFO:colcon.colcon_core.shell:Creating environment hook '/home/zuhair/pp_ws/src/aws-robomaker-hospital-world/install/aws_robomaker_hospital_world/share/aws_robomaker_hospital_world/hook/cmake_prefix_path.sh'
[2.857s] Level 1:colcon.colcon_core.environment:checking '/home/zuhair/pp_ws/src/aws-robomaker-hospital-world/install/aws_robomaker_hospital_world/lib'
[2.857s] Level 1:colcon.colcon_core.environment:checking '/home/zuhair/pp_ws/src/aws-robomaker-hospital-world/install/aws_robomaker_hospital_world/bin'
[2.857s] Level 1:colcon.colcon_core.environment:checking '/home/zuhair/pp_ws/src/aws-robomaker-hospital-world/install/aws_robomaker_hospital_world/lib/pkgconfig/aws_robomaker_hospital_world.pc'
[2.857s] Level 1:colcon.colcon_core.shell:create_environment_hook('aws_robomaker_hospital_world', 'pkg_config')
[2.862s] INFO:colcon.colcon_core.shell:Creating environment hook '/home/zuhair/pp_ws/src/aws-robomaker-hospital-world/install/aws_robomaker_hospital_world/share/aws_robomaker_hospital_world/hook/pkg_config.ps1'
[2.863s] INFO:colcon.colcon_core.shell:Creating environment descriptor '/home/zuhair/pp_ws/src/aws-robomaker-hospital-world/install/aws_robomaker_hospital_world/share/aws_robomaker_hospital_world/hook/pkg_config.dsv'
[2.864s] INFO:colcon.colcon_core.shell:Creating environment hook '/home/zuhair/pp_ws/src/aws-robomaker-hospital-world/install/aws_robomaker_hospital_world/share/aws_robomaker_hospital_world/hook/pkg_config.sh'
[2.868s] Level 1:colcon.colcon_core.environment:checking '/home/zuhair/pp_ws/src/aws-robomaker-hospital-world/install/aws_robomaker_hospital_world/lib/python3.8/site-packages'
[2.869s] Level 1:colcon.colcon_core.environment:checking '/home/zuhair/pp_ws/src/aws-robomaker-hospital-world/install/aws_robomaker_hospital_world/bin'
[2.873s] INFO:colcon.colcon_core.shell:Creating package script '/home/zuhair/pp_ws/src/aws-robomaker-hospital-world/install/aws_robomaker_hospital_world/share/aws_robomaker_hospital_world/package.ps1'
[2.876s] INFO:colcon.colcon_core.shell:Creating package descriptor '/home/zuhair/pp_ws/src/aws-robomaker-hospital-world/install/aws_robomaker_hospital_world/share/aws_robomaker_hospital_world/package.dsv'
[2.878s] INFO:colcon.colcon_core.shell:Creating package script '/home/zuhair/pp_ws/src/aws-robomaker-hospital-world/install/aws_robomaker_hospital_world/share/aws_robomaker_hospital_world/package.sh'
[2.881s] INFO:colcon.colcon_core.shell:Creating package script '/home/zuhair/pp_ws/src/aws-robomaker-hospital-world/install/aws_robomaker_hospital_world/share/aws_robomaker_hospital_world/package.bash'
[2.883s] INFO:colcon.colcon_core.shell:Creating package script '/home/zuhair/pp_ws/src/aws-robomaker-hospital-world/install/aws_robomaker_hospital_world/share/aws_robomaker_hospital_world/package.zsh'
[2.885s] Level 1:colcon.colcon_core.environment:create_file_with_runtime_dependencies(/home/zuhair/pp_ws/src/aws-robomaker-hospital-world/install/aws_robomaker_hospital_world/share/colcon-core/packages/aws_robomaker_hospital_world)
[2.886s] DEBUG:colcon.colcon_parallel_executor.executor.parallel:closing loop
[2.887s] DEBUG:colcon.colcon_parallel_executor.executor.parallel:loop closed
[2.888s] DEBUG:colcon.colcon_parallel_executor.executor.parallel:run_until_complete finished with '0'
[2.888s] DEBUG:colcon.colcon_core.event_reactor:joining thread
[2.904s] INFO:colcon.colcon_core.plugin_system:Skipping extension 'colcon_notification.desktop_notification.terminal_notifier': Not used on non-Darwin systems
[2.905s] INFO:colcon.colcon_core.plugin_system:Skipping extension 'colcon_notification.desktop_notification.win32': Not used on non-Windows systems
[2.905s] INFO:colcon.colcon_notification.desktop_notification:Sending desktop notification using 'notify2'
[2.954s] DEBUG:colcon.colcon_core.event_reactor:joined thread
[2.961s] INFO:colcon.colcon_core.shell:Creating prefix script '/home/zuhair/pp_ws/src/aws-robomaker-hospital-world/install/local_setup.ps1'
[2.964s] INFO:colcon.colcon_core.shell:Creating prefix util module '/home/zuhair/pp_ws/src/aws-robomaker-hospital-world/install/_local_setup_util_ps1.py'
[2.970s] INFO:colcon.colcon_core.shell:Creating prefix chain script '/home/zuhair/pp_ws/src/aws-robomaker-hospital-world/install/setup.ps1'
[2.976s] INFO:colcon.colcon_core.shell:Creating prefix script '/home/zuhair/pp_ws/src/aws-robomaker-hospital-world/install/local_setup.sh'
[2.977s] INFO:colcon.colcon_core.shell:Creating prefix util module '/home/zuhair/pp_ws/src/aws-robomaker-hospital-world/install/_local_setup_util_sh.py'
[2.979s] INFO:colcon.colcon_core.shell:Creating prefix chain script '/home/zuhair/pp_ws/src/aws-robomaker-hospital-world/install/setup.sh'
[2.985s] INFO:colcon.colcon_core.shell:Creating prefix script '/home/zuhair/pp_ws/src/aws-robomaker-hospital-world/install/local_setup.bash'
[2.988s] INFO:colcon.colcon_core.shell:Creating prefix chain script '/home/zuhair/pp_ws/src/aws-robomaker-hospital-world/install/setup.bash'
[2.996s] INFO:colcon.colcon_core.shell:Creating prefix script '/home/zuhair/pp_ws/src/aws-robomaker-hospital-world/install/local_setup.zsh'
[2.998s] INFO:colcon.colcon_core.shell:Creating prefix chain script '/home/zuhair/pp_ws/src/aws-robomaker-hospital-world/install/setup.zsh'
